2020-06-22 23:27:53,743 INFO org.springframework.boot.StartupInfoLogger [main] Starting DvDs20201cG3ApplicationTests on DESKTOP-UMU8F2V with PID 19224 (started by mathias in C:\Users\mathias\git\dv-ds-20201c-g3\dv-ds-20201c-g3)
2020-06-22 23:27:53,745 DEBUG org.springframework.boot.StartupInfoLogger [main] Running with Spring Boot v2.3.0.RELEASE, Spring v5.2.6.RELEASE
2020-06-22 23:27:53,745 INFO org.springframework.boot.SpringApplication [main] No active profile set, falling back to default profiles: default
2020-06-22 23:27:54,694 INFO org.springframework.data.repository.config.RepositoryConfigurationDelegate [main] Bootstrapping Spring Data JPA repositories in DEFERRED mode.
2020-06-22 23:27:54,756 INFO org.springframework.data.repository.config.RepositoryConfigurationDelegate [main] Finished Spring Data repository scanning in 52ms. Found 1 JPA repository interfaces.
2020-06-22 23:27:55,415 INFO org.springframework.scheduling.concurrent.ExecutorConfigurationSupport [main] Initializing ExecutorService 'applicationTaskExecutor'
2020-06-22 23:27:55,426 INFO com.zaxxer.hikari.HikariDataSource [main] HikariPool-1 - Starting...
2020-06-22 23:27:55,655 INFO com.zaxxer.hikari.HikariDataSource [main] HikariPool-1 - Start completed.
2020-06-22 23:27:55,719 INFO org.hibernate.jpa.internal.util.LogHelper [task-1] HHH000204: Processing PersistenceUnitInfo [name: default]
2020-06-22 23:27:55,802 INFO org.hibernate.Version [task-1] HHH000412: Hibernate ORM core version 5.4.15.Final
2020-06-22 23:27:56,012 INFO org.hibernate.annotations.common.reflection.java.JavaReflectionManager [task-1] HCANN000001: Hibernate Commons Annotations {5.1.0.Final}
2020-06-22 23:27:56,255 INFO org.hibernate.dialect.Dialect [task-1] HHH000400: Using dialect: org.hibernate.dialect.H2Dialect
2020-06-22 23:27:56,974 DEBUG org.hibernate.engine.jdbc.spi.SqlStatementLogger [task-1] drop table if exists clientes CASCADE 
2020-06-22 23:27:56,975 DEBUG org.hibernate.engine.jdbc.spi.SqlStatementLogger [task-1] drop sequence if exists hibernate_sequence
2020-06-22 23:27:56,978 DEBUG org.hibernate.engine.jdbc.spi.SqlStatementLogger [task-1] create sequence hibernate_sequence start with 1 increment by 1
2020-06-22 23:27:56,980 DEBUG org.hibernate.engine.jdbc.spi.SqlStatementLogger [task-1] create table clientes (cli_id bigint not null, cli_email varchar(255), cli_apellido varchar(30) not null, cli_nombre varchar(30) not null, cli_password varchar(255) not null, primary key (cli_id))
2020-06-22 23:27:56,986 DEBUG org.hibernate.engine.jdbc.spi.SqlStatementLogger [task-1] alter table clientes add constraint UK7b87nbrm1jck1x3q1mj1nhj7b unique (cli_email)
2020-06-22 23:27:56,993 INFO org.hibernate.engine.transaction.jta.platform.internal.JtaPlatformInitiator [task-1] HHH000490: Using JtaPlatform implementation: [org.hibernate.engine.transaction.jta.platform.internal.NoJtaPlatform]
2020-06-22 23:27:57,002 INFO org.springframework.orm.jpa.AbstractEntityManagerFactoryBean [task-1] Initialized JPA EntityManagerFactory for persistence unit 'default'
2020-06-22 23:27:57,647 WARN org.springframework.boot.autoconfigure.orm.jpa.JpaBaseConfiguration$JpaWebConfiguration [main] spring.jpa.open-in-view is enabled by default. Therefore, database queries may be performed during view rendering. Explicitly configure spring.jpa.open-in-view to disable this warning
2020-06-22 23:27:58,115 WARN org.springframework.boot.autoconfigure.thymeleaf.ThymeleafAutoConfiguration$DefaultTemplateResolverConfiguration [main] Cannot find template location: classpath:/templates/ (please add some templates or check your Thymeleaf configuration)
2020-06-22 23:27:58,530 INFO org.springframework.boot.actuate.endpoint.web.EndpointLinksResolver [main] Exposing 2 endpoint(s) beneath base path '/actuator'
2020-06-22 23:27:58,570 INFO org.springframework.data.repository.config.DeferredRepositoryInitializationListener [main] Triggering deferred initialization of Spring Data repositories…
2020-06-22 23:27:58,684 INFO org.springframework.data.repository.config.DeferredRepositoryInitializationListener [main] Spring Data repositories initialized!
2020-06-22 23:27:58,693 INFO org.springframework.boot.StartupInfoLogger [main] Started DvDs20201cG3ApplicationTests in 5.277 seconds (JVM running for 6.155)
2020-06-22 23:27:58,822 INFO org.springframework.test.context.support.AbstractTestContextBootstrapper [main] Neither @ContextConfiguration nor @ContextHierarchy found for test class [ar.edu.davinci.dvds20201cg3.modelo.ClienteTest], using SpringBootContextLoader
2020-06-22 23:27:58,823 INFO org.springframework.test.context.support.AbstractContextLoader [main] Could not detect default resource locations for test class [ar.edu.davinci.dvds20201cg3.modelo.ClienteTest]: no resource found for suffixes {-context.xml, Context.groovy}.
2020-06-22 23:27:58,823 INFO org.springframework.test.context.support.AnnotationConfigContextLoaderUtils [main] Could not detect default configuration classes for test class [ar.edu.davinci.dvds20201cg3.modelo.ClienteTest]: ClienteTest does not declare any static, non-private, non-final, nested classes annotated with @Configuration.
2020-06-22 23:27:58,829 INFO org.springframework.boot.test.context.SpringBootTestContextBootstrapper [main] Found @SpringBootConfiguration ar.edu.davinci.dvds20201cg3.DvDs20201cG3Application for test class ar.edu.davinci.dvds20201cg3.modelo.ClienteTest
2020-06-22 23:27:58,830 INFO org.springframework.test.context.support.AbstractTestContextBootstrapper [main] Loaded default TestExecutionListener class names from location [META-INF/spring.factories]: [org.springframework.boot.test.mock.mockito.MockitoTestExecutionListener, org.springframework.boot.test.mock.mockito.ResetMocksTestExecutionListener, org.springframework.boot.test.autoconfigure.restdocs.RestDocsTestExecutionListener, org.springframework.boot.test.autoconfigure.web.client.MockRestServiceServerResetTestExecutionListener, org.springframework.boot.test.autoconfigure.web.servlet.MockMvcPrintOnlyOnFailureTestExecutionListener, org.springframework.boot.test.autoconfigure.web.servlet.WebDriverTestExecutionListener, org.springframework.boot.test.autoconfigure.webservices.client.MockWebServiceServerTestExecutionListener, org.springframework.test.context.web.ServletTestExecutionListener, org.springframework.test.context.support.DirtiesContextBeforeModesTestExecutionListener, org.springframework.test.context.support.DependencyInjectionTestExecutionListener, org.springframework.test.context.support.DirtiesContextTestExecutionListener, org.springframework.test.context.transaction.TransactionalTestExecutionListener, org.springframework.test.context.jdbc.SqlScriptsTestExecutionListener, org.springframework.test.context.event.EventPublishingTestExecutionListener]
2020-06-22 23:27:58,831 INFO org.springframework.test.context.support.AbstractTestContextBootstrapper [main] Using TestExecutionListeners: [org.springframework.test.context.web.ServletTestExecutionListener@1c92a549, org.springframework.test.context.support.DirtiesContextBeforeModesTestExecutionListener@323e026d, org.springframework.boot.test.mock.mockito.MockitoTestExecutionListener@1716c037, org.springframework.boot.test.autoconfigure.SpringBootDependencyInjectionTestExecutionListener@79b63325, org.springframework.test.context.support.DirtiesContextTestExecutionListener@708769b7, org.springframework.test.context.transaction.TransactionalTestExecutionListener@32e830a0, org.springframework.test.context.jdbc.SqlScriptsTestExecutionListener@135e49b2, org.springframework.test.context.event.EventPublishingTestExecutionListener@5bb97fe7, org.springframework.boot.test.mock.mockito.ResetMocksTestExecutionListener@10b87ff6, org.springframework.boot.test.autoconfigure.restdocs.RestDocsTestExecutionListener@63262071, org.springframework.boot.test.autoconfigure.web.client.MockRestServiceServerResetTestExecutionListener@2d4f67e, org.springframework.boot.test.autoconfigure.web.servlet.MockMvcPrintOnlyOnFailureTestExecutionListener@1282f784, org.springframework.boot.test.autoconfigure.web.servlet.WebDriverTestExecutionListener@41167ded, org.springframework.boot.test.autoconfigure.webservices.client.MockWebServiceServerTestExecutionListener@13e1e816]
2020-06-22 23:27:58,864 DEBUG org.hibernate.engine.jdbc.spi.SqlStatementLogger [main] select cliente0_.cli_id as cli_id1_0_0_, cliente0_.cli_email as cli_emai2_0_0_, cliente0_.cli_apellido as cli_apel3_0_0_, cliente0_.cli_nombre as cli_nomb4_0_0_, cliente0_.cli_password as cli_pass5_0_0_ from clientes cliente0_ where cliente0_.cli_id=?
2020-06-22 23:27:58,870 TRACE org.hibernate.type.descriptor.sql.BasicBinder [main] binding parameter [1] as [BIGINT] - [1]
2020-06-22 23:27:58,897 DEBUG org.hibernate.engine.jdbc.spi.SqlStatementLogger [main] select cliente0_.cli_id as cli_id1_0_0_, cliente0_.cli_email as cli_emai2_0_0_, cliente0_.cli_apellido as cli_apel3_0_0_, cliente0_.cli_nombre as cli_nomb4_0_0_, cliente0_.cli_password as cli_pass5_0_0_ from clientes cliente0_ where cliente0_.cli_id=?
2020-06-22 23:27:58,897 TRACE org.hibernate.type.descriptor.sql.BasicBinder [main] binding parameter [1] as [BIGINT] - [1]
2020-06-22 23:27:58,935 DEBUG org.hibernate.engine.jdbc.spi.SqlStatementLogger [main] update clientes set cli_email=?, cli_apellido=?, cli_nombre=?, cli_password=? where cli_id=?
2020-06-22 23:27:58,937 TRACE org.hibernate.type.descriptor.sql.BasicBinder [main] binding parameter [1] as [VARCHAR] - [abc@gmail.com]
2020-06-22 23:27:58,937 TRACE org.hibernate.type.descriptor.sql.BasicBinder [main] binding parameter [2] as [VARCHAR] - [Gupta]
2020-06-22 23:27:58,938 TRACE org.hibernate.type.descriptor.sql.BasicBinder [main] binding parameter [3] as [VARCHAR] - [Lokesh-Lokesh]
2020-06-22 23:27:58,938 TRACE org.hibernate.type.descriptor.sql.BasicBinder [main] binding parameter [4] as [VARCHAR] - [abc]
2020-06-22 23:27:58,938 TRACE org.hibernate.type.descriptor.sql.BasicBinder [main] binding parameter [5] as [BIGINT] - [1]
2020-06-22 23:27:59,063 DEBUG org.hibernate.engine.jdbc.spi.SqlStatementLogger [main] select cliente0_.cli_id as cli_id1_0_, cliente0_.cli_email as cli_emai2_0_, cliente0_.cli_apellido as cli_apel3_0_, cliente0_.cli_nombre as cli_nomb4_0_, cliente0_.cli_password as cli_pass5_0_ from clientes cliente0_
2020-06-22 23:27:59,071 DEBUG org.hibernate.engine.jdbc.spi.SqlStatementLogger [main] select cliente0_.cli_id as cli_id1_0_0_, cliente0_.cli_email as cli_emai2_0_0_, cliente0_.cli_apellido as cli_apel3_0_0_, cliente0_.cli_nombre as cli_nomb4_0_0_, cliente0_.cli_password as cli_pass5_0_0_ from clientes cliente0_ where cliente0_.cli_id=?
2020-06-22 23:27:59,072 TRACE org.hibernate.type.descriptor.sql.BasicBinder [main] binding parameter [1] as [BIGINT] - [1]
2020-06-22 23:27:59,077 DEBUG org.hibernate.engine.jdbc.spi.SqlStatementLogger [main] select cliente0_.cli_id as cli_id1_0_0_, cliente0_.cli_email as cli_emai2_0_0_, cliente0_.cli_apellido as cli_apel3_0_0_, cliente0_.cli_nombre as cli_nomb4_0_0_, cliente0_.cli_password as cli_pass5_0_0_ from clientes cliente0_ where cliente0_.cli_id=?
2020-06-22 23:27:59,078 TRACE org.hibernate.type.descriptor.sql.BasicBinder [main] binding parameter [1] as [BIGINT] - [1]
2020-06-22 23:27:59,079 DEBUG org.hibernate.engine.jdbc.spi.SqlStatementLogger [main] update clientes set cli_email=?, cli_apellido=?, cli_nombre=?, cli_password=? where cli_id=?
2020-06-22 23:27:59,079 TRACE org.hibernate.type.descriptor.sql.BasicBinder [main] binding parameter [1] as [VARCHAR] - [xyz@email.com]
2020-06-22 23:27:59,080 TRACE org.hibernate.type.descriptor.sql.BasicBinder [main] binding parameter [2] as [VARCHAR] - [Gupta]
2020-06-22 23:27:59,080 TRACE org.hibernate.type.descriptor.sql.BasicBinder [main] binding parameter [3] as [VARCHAR] - [Lokesh-Lokesh]
2020-06-22 23:27:59,081 TRACE org.hibernate.type.descriptor.sql.BasicBinder [main] binding parameter [4] as [VARCHAR] - [abc]
2020-06-22 23:27:59,081 TRACE org.hibernate.type.descriptor.sql.BasicBinder [main] binding parameter [5] as [BIGINT] - [1]
2020-06-22 23:27:59,083 WARN org.hibernate.engine.jdbc.spi.SqlExceptionHelper [main] SQL Error: 23505, SQLState: 23505
2020-06-22 23:27:59,084 ERROR org.hibernate.engine.jdbc.spi.SqlExceptionHelper [main] Violación de indice de Unicidad ó Clave primaria: "PUBLIC.UK7B87NBRM1JCK1X3Q1MJ1NHJ7B_INDEX_6 ON PUBLIC.CLIENTES(CLI_EMAIL) VALUES 2"
Unique index or primary key violation: "PUBLIC.UK7B87NBRM1JCK1X3Q1MJ1NHJ7B_INDEX_6 ON PUBLIC.CLIENTES(CLI_EMAIL) VALUES 2"; SQL statement:
update clientes set cli_email=?, cli_apellido=?, cli_nombre=?, cli_password=? where cli_id=? [23505-200]
2020-06-22 23:27:59,148 INFO org.springframework.orm.jpa.AbstractEntityManagerFactoryBean [SpringContextShutdownHook] Closing JPA EntityManagerFactory for persistence unit 'default'
2020-06-22 23:27:59,149 INFO org.hibernate.tool.schema.internal.SchemaDropperImpl$DelayedDropActionImpl [SpringContextShutdownHook] HHH000477: Starting delayed evictData of schema as part of SessionFactory shut-down'
2020-06-22 23:27:59,149 DEBUG org.hibernate.engine.jdbc.spi.SqlStatementLogger [SpringContextShutdownHook] drop table if exists clientes CASCADE 
2020-06-22 23:27:59,153 DEBUG org.hibernate.engine.jdbc.spi.SqlStatementLogger [SpringContextShutdownHook] drop sequence if exists hibernate_sequence
2020-06-22 23:27:59,155 INFO org.springframework.scheduling.concurrent.ExecutorConfigurationSupport [SpringContextShutdownHook] Shutting down ExecutorService 'applicationTaskExecutor'
2020-06-22 23:27:59,155 INFO com.zaxxer.hikari.HikariDataSource [SpringContextShutdownHook] HikariPool-1 - Shutdown initiated...
2020-06-22 23:27:59,157 INFO com.zaxxer.hikari.HikariDataSource [SpringContextShutdownHook] HikariPool-1 - Shutdown completed.
